[35m,-----.        ,--.  ,--.  ,--.[39m
[35m|  |) /_,--.,--|  |-.|  |-.|  |,---.,--.   ,--,--.--.,--,--.,---.[39m
[35m|  .-.  |  ||  | .-. | .-. |  | .-. |  |.'.|  |  .--' ,-.  | .-. |[39m
[35m|  '--' '  ''  | `-' | `-' |  \   --|   .'.   |  |  \ '-'  | '-' '[39m
[35m`------' `----' `---' `---'`--'`----'--'   '--`--'   `--`--|  |-'[39m
[35m                                                           `--'    [39m
(node:3532) [DEP0040] DeprecationWarning: The `punycode` module is deprecated. Please use a userland alternative instead.
(Use `node --trace-deprecation ...` to show where the warning was created)
Using passwords set in the BUBBLEWRAP_KEYSTORE_PASSWORD and BUBBLEWRAP_KEY_PASSWORD environmental variables.

Building the Android App...
System.Management.Automation.RemoteException
System.Management.Automation.RemoteException
[7mcli[0m [31mERROR Command failed: gradlew.bat assembleRelease --stacktrace
System.Management.Automation.RemoteException
FAILURE: Build failed with an exception.
System.Management.Automation.RemoteException
* What went wrong:
Execution failed for task ':app:mergeReleaseNativeLibs'.
> Configuration `:app:releaseRuntimeClasspath` contains AndroidX dependencies, but the `android.useAndroidX` property is not enabled, which may cause runtime issues.
  Set `android.useAndroidX=true` in the `gradle.properties` file and retry.
  The following AndroidX dependencies are detected:
  :app:releaseRuntimeClasspath -> com.google.androidbrowserhelper:locationdelegation:1.1.2 -> androidx.browser:browser:1.9.0-alpha04 -> androidx.collection:collection:1.4.2
  :app:releaseRuntimeClasspath -> com.google.androidbrowserhelper:locationdelegation:1.1.2 -> androidx.browser:browser:1.9.0-alpha04 -> androidx.collection:collection:1.4.2 -> androidx.collection:collection-jvm:1.4.2
  :app:releaseRuntimeClasspath -> com.google.androidbrowserhelper:androidbrowserhelper:2.6.2 -> androidx.annotation:annotation:1.8.1
  :app:releaseRuntimeClasspath -> com.google.androidbrowserhelper:androidbrowserhelper:2.6.2 -> androidx.annotation:annotation:1.8.1 -> androidx.annotation:annotation-jvm:1.8.1
  :app:releaseRuntimeClasspath -> com.google.androidbrowserhelper:androidbrowserhelper:2.6.2 -> androidx.core:core:1.13.0
  :app:releaseRuntimeClasspath -> com.google.androidbrowserhelper:locationdelegation:1.1.2 -> androidx.browser:browser:1.9.0-alpha04 -> androidx.annotation:annotation-experimental:1.4.1
  :app:releaseRuntimeClasspath -> com.google.androidbrowserhelper:locationdelegation:1.1.2 -> androidx.browser:browser:1.9.0-alpha04 -> androidx.concurrent:concurrent-futures:1.1.0
  :app:releaseRuntimeClasspath -> com.google.androidbrowserhelper:locationdelegation:1.1.2 -> androidx.browser:browser:1.9.0-alpha04 -> androidx.interpolator:interpolator:1.0.0
  :app:releaseRuntimeClasspath -> com.google.androidbrowserhelper:androidbrowserhelper:2.6.2 -> androidx.appcompat:appcompat:1.7.0 -> androidx.lifecycle:lifecycle-runtime:2.6.2
  :app:releaseRuntimeClasspath -> com.google.androidbrowserhelper:androidbrowserhelper:2.6.2 -> androidx.appcompat:appcompat:1.7.0 -> androidx.fragment:fragment:1.5.4 -> androidx.loader:loader:1.0.0 -> androidx.lifecycle:lifecycle-livedata:2.6.2 -> androidx.arch.core:core-common:2.2.0
  :app:releaseRuntimeClasspath -> com.google.androidbrowserhelper:androidbrowserhelper:2.6.2 -> androidx.appcompat:appcompat:1.7.0 -> androidx.fragment:fragment:1.5.4 -> androidx.loader:loader:1.0.0 -> androidx.lifecycle:lifecycle-livedata:2.6.2 -> androidx.arch.core:core-runtime:2.2.0
  :app:releaseRuntimeClasspath -> com.google.androidbrowserhelper:androidbrowserhelper:2.6.2 -> androidx.appcompat:appcompat:1.7.0 -> androidx.fragment:fragment:1.5.4 -> androidx.loader:loader:1.0.0 -> androidx.lifecycle:lifecycle-livedata:2.6.2 -> androidx.lifecycle:lifecycle-common:2.6.2
  :app:releaseRuntimeClasspath -> com.google.androidbrowserhelper:androidbrowserhelper:2.6.2 -> androidx.appcompat:appcompat:1.7.0 -> androidx.fragment:fragment:1.5.4 -> androidx.loader:loader:1.0.0 -> androidx.lifecycle:lifecycle-livedata:2.6.2
  :app:releaseRuntimeClasspath -> com.google.androidbrowserhelper:androidbrowserhelper:2.6.2 -> androidx.appcompat:appcompat:1.7.0 -> androidx.fragment:fragment:1.5.4 -> androidx.lifecycle:lifecycle-livedata-core:2.6.2
  :app:releaseRuntimeClasspath -> com.google.androidbrowserhelper:androidbrowserhelper:2.6.2 -> androidx.appcompat:appcompat:1.7.0 -> androidx.emoji2:emoji2:1.3.0 -> androidx.lifecycle:lifecycle-process:2.6.2
  :app:releaseRuntimeClasspath -> com.google.androidbrowserhelper:androidbrowserhelper:2.6.2 -> androidx.appcompat:appcompat:1.7.0 -> androidx.emoji2:emoji2:1.3.0 -> androidx.startup:startup-runtime:1.1.1
  :app:releaseRuntimeClasspath -> com.google.androidbrowserhelper:locationdelegation:1.1.2 -> androidx.browser:browser:1.9.0-alpha04 -> androidx.activity:activity:1.9.0 -> androidx.tracing:tracing:1.0.0
  :app:releaseRuntimeClasspath -> com.google.androidbrowserhelper:androidbrowserhelper:2.6.2 -> androidx.appcompat:appcompat:1.7.0 -> androidx.lifecycle:lifecycle-viewmodel:2.6.2
  :app:releaseRuntimeClasspath -> com.google.androidbrowserhelper:androidbrowserhelper:2.6.2 -> androidx.appcompat:appcompat:1.7.0 -> androidx.fragment:fragment:1.5.4 -> androidx.lifecycle:lifecycle-viewmodel-savedstate:2.6.2
  :app:releaseRuntimeClasspath -> com.google.androidbrowserhelper:androidbrowserhelper:2.6.2 -> androidx.appcompat:appcompat:1.7.0 -> androidx.core:core-ktx:1.13.0
  :app:releaseRuntimeClasspath -> com.google.androidbrowserhelper:androidbrowserhelper:2.6.2 -> androidx.appcompat:appcompat:1.7.0 -> androidx.savedstate:savedstate:1.2.1
  :app:releaseRuntimeClasspath -> com.google.androidbrowserhelper:androidbrowserhelper:2.6.2 -> androidx.appcompat:appcompat:1.7.0 -> androidx.profileinstaller:profileinstaller:1.3.1
  :app:releaseRuntimeClasspath -> com.google.androidbrowserhelper:androidbrowserhelper:2.6.2 -> androidx.core:core:1.13.0 -> androidx.versionedparcelable:versionedparcelable:1.1.1
  :app:releaseRuntimeClasspath -> com.google.androidbrowserhelper:androidbrowserhelper:2.6.2 -> androidx.appcompat:appcompat:1.7.0 -> androidx.fragment:fragment:1.5.4
  :app:releaseRuntimeClasspath -> com.google.androidbrowserhelper:locationdelegation:1.1.2 -> androidx.browser:browser:1.9.0-alpha04 -> androidx.activity:activity:1.9.0
  :app:releaseRuntimeClasspath -> com.google.androidbrowserhelper:androidbrowserhelper:2.6.2 -> androidx.appcompat:appcompat:1.7.0 -> androidx.fragment:fragment:1.5.4 -> androidx.loader:loader:1.0.0
  :app:releaseRuntimeClasspath -> com.google.androidbrowserhelper:androidbrowserhelper:2.6.2 -> androidx.appcompat:appcompat:1.7.0 -> androidx.fragment:fragment:1.5.4 -> androidx.viewpager:viewpager:1.0.0
  :app:releaseRuntimeClasspath -> com.google.androidbrowserhelper:androidbrowserhelper:2.6.2 -> androidx.appcompat:appcompat:1.7.0 -> androidx.drawerlayout:drawerlayout:1.0.0 -> androidx.customview:customview:1.0.0
  :app:releaseRuntimeClasspath -> com.google.androidbrowserhelper:locationdelegation:1.1.2 -> androidx.browser:browser:1.9.0-alpha04
  :app:releaseRuntimeClasspath -> com.google.androidbrowserhelper:androidbrowserhelper:2.6.2 -> androidx.appcompat:appcompat:1.7.0
  :app:releaseRuntimeClasspath -> com.google.androidbrowserhelper:androidbrowserhelper:2.6.2 -> androidx.appcompat:appcompat:1.7.0 -> androidx.appcompat:appcompat-resources:1.7.0
  :app:releaseRuntimeClasspath -> com.google.androidbrowserhelper:androidbrowserhelper:2.6.2 -> androidx.appcompat:appcompat:1.7.0 -> androidx.appcompat:appcompat-resources:1.7.0 -> androidx.vectordrawable:vectordrawable:1.1.0
  :app:releaseRuntimeClasspath -> com.google.androidbrowserhelper:androidbrowserhelper:2.6.2 -> androidx.appcompat:appcompat:1.7.0 -> androidx.appcompat:appcompat-resources:1.7.0 -> androidx.vectordrawable:vectordrawable-animated:1.1.0
  :app:releaseRuntimeClasspath -> com.google.androidbrowserhelper:androidbrowserhelper:2.6.2 -> androidx.appcompat:appcompat:1.7.0 -> androidx.cursoradapter:cursoradapter:1.0.0
  :app:releaseRuntimeClasspath -> com.google.androidbrowserhelper:androidbrowserhelper:2.6.2 -> androidx.appcompat:appcompat:1.7.0 -> androidx.drawerlayout:drawerlayout:1.0.0
  :app:releaseRuntimeClasspath -> com.google.androidbrowserhelper:androidbrowserhelper:2.6.2 -> androidx.appcompat:appcompat:1.7.0 -> androidx.emoji2:emoji2:1.3.0
  :app:releaseRuntimeClasspath -> com.google.androidbrowserhelper:androidbrowserhelper:2.6.2 -> androidx.appcompat:appcompat:1.7.0 -> androidx.emoji2:emoji2-views-helper:1.3.0
  :app:releaseRuntimeClasspath -> com.google.androidbrowserhelper:androidbrowserhelper:2.6.2 -> androidx.appcompat:appcompat:1.7.0 -> androidx.resourceinspection:resourceinspection-annotation:1.0.1
System.Management.Automation.RemoteException
* Try:
> Run with --info or --debug option to get more log output.
> Run with --scan to get full insights.
> Get more help at https://help.gradle.org.
System.Management.Automation.RemoteException
* Exception is:
org.gradle.api.tasks.TaskExecutionException: Execution failed for task ':app:mergeReleaseNativeLibs'.
	at org.gradle.api.internal.tasks.execution.CatchExceptionTaskExecuter.execute(CatchExceptionTaskExecuter.java:38)
	at org.gradle.api.internal.tasks.execution.EventFiringTaskExecuter$1.executeTask(EventFiringTaskExecuter.java:77)
	at org.gradle.api.internal.tasks.execution.EventFiringTaskExecuter$1.call(EventFiringTaskExecuter.java:55)
	at org.gradle.api.internal.tasks.execution.EventFiringTaskExecuter$1.call(EventFiringTaskExecuter.java:52)
	at org.gradle.internal.operations.DefaultBuildOperationRunner$CallableBuildOperationWorker.execute(DefaultBuildOperationRunner.java:209)
	at org.gradle.internal.operations.DefaultBuildOperationRunner$CallableBuildOperationWorker.execute(DefaultBuildOperationRunner.java:204)
	at org.gradle.internal.operations.DefaultBuildOperationRunner$2.execute(DefaultBuildOperationRunner.java:66)
	at org.gradle.internal.operations.DefaultBuildOperationRunner$2.execute(DefaultBuildOperationRunner.java:59)
	at org.gradle.internal.operations.DefaultBuildOperationRunner.execute(DefaultBuildOperationRunner.java:166)
	at org.gradle.internal.operations.DefaultBuildOperationRunner.execute(DefaultBuildOperationRunner.java:59)
	at org.gradle.internal.operations.DefaultBuildOperationRunner.call(DefaultBuildOperationRunner.java:53)
	at org.gradle.api.internal.tasks.execution.EventFiringTaskExecuter.execute(EventFiringTaskExecuter.java:52)
	at org.gradle.execution.plan.LocalTaskNodeExecutor.execute(LocalTaskNodeExecutor.java:42)
	at org.gradle.execution.taskgraph.DefaultTaskExecutionGraph$InvokeNodeExecutorsAction.execute(DefaultTaskExecutionGraph.java:331)
	at org.gradle.execution.taskgraph.DefaultTaskExecutionGraph$InvokeNodeExecutorsAction.execute(DefaultTaskExecutionGraph.java:318)
	at org.gradle.execution.taskgraph.DefaultTaskExecutionGraph$BuildOperationAwareExecutionAction.lambda$execute$0(DefaultTaskExecutionGraph.java:314)
	at org.gradle.internal.operations.CurrentBuildOperationRef.with(CurrentBuildOperationRef.java:85)
	at org.gradle.execution.taskgraph.DefaultTaskExecutionGraph$BuildOperationAwareExecutionAction.execute(DefaultTaskExecutionGraph.java:314)
	at org.gradle.execution.taskgraph.DefaultTaskExecutionGraph$BuildOperationAwareExecutionAction.execute(DefaultTaskExecutionGraph.java:303)
	at org.gradle.execution.plan.DefaultPlanExecutor$ExecutorWorker.execute(DefaultPlanExecutor.java:459)
	at org.gradle.execution.plan.DefaultPlanExecutor$ExecutorWorker.run(DefaultPlanExecutor.java:376)
	at org.gradle.internal.concurrent.ExecutorPolicy$CatchAndRecordFailures.onExecute(ExecutorPolicy.java:64)
	at org.gradle.internal.concurrent.AbstractManagedExecutor$1.run(AbstractManagedExecutor.java:48)
Caused by: com.android.builder.errors.EvalIssueException: Configuration `:app:releaseRuntimeClasspath` contains AndroidX dependencies, but the `android.useAndroidX` property is not enabled, which may cause runtime issues.
Set `android.useAndroidX=true` in the `gradle.properties` file and retry.
The following AndroidX dependencies are detected:
:app:releaseRuntimeClasspath -> com.google.androidbrowserhelper:locationdelegation:1.1.2 -> androidx.browser:browser:1.9.0-alpha04 -> androidx.collection:collection:1.4.2
:app:releaseRuntimeClasspath -> com.google.androidbrowserhelper:locationdelegation:1.1.2 -> androidx.browser:browser:1.9.0-alpha04 -> androidx.collection:collection:1.4.2 -> androidx.collection:collection-jvm:1.4.2
:app:releaseRuntimeClasspath -> com.google.androidbrowserhelper:androidbrowserhelper:2.6.2 -> androidx.annotation:annotation:1.8.1
:app:releaseRuntimeClasspath -> com.google.androidbrowserhelper:androidbrowserhelper:2.6.2 -> androidx.annotation:annotation:1.8.1 -> androidx.annotation:annotation-jvm:1.8.1
:app:releaseRuntimeClasspath -> com.google.androidbrowserhelper:androidbrowserhelper:2.6.2 -> androidx.core:core:1.13.0
:app:releaseRuntimeClasspath -> com.google.androidbrowserhelper:locationdelegation:1.1.2 -> androidx.browser:browser:1.9.0-alpha04 -> androidx.annotation:annotation-experimental:1.4.1
:app:releaseRuntimeClasspath -> com.google.androidbrowserhelper:locationdelegation:1.1.2 -> androidx.browser:browser:1.9.0-alpha04 -> androidx.concurrent:concurrent-futures:1.1.0
:app:releaseRuntimeClasspath -> com.google.androidbrowserhelper:locationdelegation:1.1.2 -> androidx.browser:browser:1.9.0-alpha04 -> androidx.interpolator:interpolator:1.0.0
:app:releaseRuntimeClasspath -> com.google.androidbrowserhelper:androidbrowserhelper:2.6.2 -> androidx.appcompat:appcompat:1.7.0 -> androidx.lifecycle:lifecycle-runtime:2.6.2
:app:releaseRuntimeClasspath -> com.google.androidbrowserhelper:androidbrowserhelper:2.6.2 -> androidx.appcompat:appcompat:1.7.0 -> androidx.fragment:fragment:1.5.4 -> androidx.loader:loader:1.0.0 -> androidx.lifecycle:lifecycle-livedata:2.6.2 -> androidx.arch.core:core-common:2.2.0
:app:releaseRuntimeClasspath -> com.google.androidbrowserhelper:androidbrowserhelper:2.6.2 -> androidx.appcompat:appcompat:1.7.0 -> androidx.fragment:fragment:1.5.4 -> androidx.loader:loader:1.0.0 -> androidx.lifecycle:lifecycle-livedata:2.6.2 -> androidx.arch.core:core-runtime:2.2.0
:app:releaseRuntimeClasspath -> com.google.androidbrowserhelper:androidbrowserhelper:2.6.2 -> androidx.appcompat:appcompat:1.7.0 -> androidx.fragment:fragment:1.5.4 -> androidx.loader:loader:1.0.0 -> androidx.lifecycle:lifecycle-livedata:2.6.2 -> androidx.lifecycle:lifecycle-common:2.6.2
:app:releaseRuntimeClasspath -> com.google.androidbrowserhelper:androidbrowserhelper:2.6.2 -> androidx.appcompat:appcompat:1.7.0 -> androidx.fragment:fragment:1.5.4 -> androidx.loader:loader:1.0.0 -> androidx.lifecycle:lifecycle-livedata:2.6.2
:app:releaseRuntimeClasspath -> com.google.androidbrowserhelper:androidbrowserhelper:2.6.2 -> androidx.appcompat:appcompat:1.7.0 -> androidx.fragment:fragment:1.5.4 -> androidx.lifecycle:lifecycle-livedata-core:2.6.2
:app:releaseRuntimeClasspath -> com.google.androidbrowserhelper:androidbrowserhelper:2.6.2 -> androidx.appcompat:appcompat:1.7.0 -> androidx.emoji2:emoji2:1.3.0 -> androidx.lifecycle:lifecycle-process:2.6.2
:app:releaseRuntimeClasspath -> com.google.androidbrowserhelper:androidbrowserhelper:2.6.2 -> androidx.appcompat:appcompat:1.7.0 -> androidx.emoji2:emoji2:1.3.0 -> androidx.startup:startup-runtime:1.1.1
:app:releaseRuntimeClasspath -> com.google.androidbrowserhelper:locationdelegation:1.1.2 -> androidx.browser:browser:1.9.0-alpha04 -> androidx.activity:activity:1.9.0 -> androidx.tracing:tracing:1.0.0
:app:releaseRuntimeClasspath -> com.google.androidbrowserhelper:androidbrowserhelper:2.6.2 -> androidx.appcompat:appcompat:1.7.0 -> androidx.lifecycle:lifecycle-viewmodel:2.6.2
:app:releaseRuntimeClasspath -> com.google.androidbrowserhelper:androidbrowserhelper:2.6.2 -> androidx.appcompat:appcompat:1.7.0 -> androidx.fragment:fragment:1.5.4 -> androidx.lifecycle:lifecycle-viewmodel-savedstate:2.6.2
:app:releaseRuntimeClasspath -> com.google.androidbrowserhelper:androidbrowserhelper:2.6.2 -> androidx.appcompat:appcompat:1.7.0 -> androidx.core:core-ktx:1.13.0
:app:releaseRuntimeClasspath -> com.google.androidbrowserhelper:androidbrowserhelper:2.6.2 -> androidx.appcompat:appcompat:1.7.0 -> androidx.savedstate:savedstate:1.2.1
:app:releaseRuntimeClasspath -> com.google.androidbrowserhelper:androidbrowserhelper:2.6.2 -> androidx.appcompat:appcompat:1.7.0 -> androidx.profileinstaller:profileinstaller:1.3.1
:app:releaseRuntimeClasspath -> com.google.androidbrowserhelper:androidbrowserhelper:2.6.2 -> androidx.core:core:1.13.0 -> androidx.versionedparcelable:versionedparcelable:1.1.1
:app:releaseRuntimeClasspath -> com.google.androidbrowserhelper:androidbrowserhelper:2.6.2 -> androidx.appcompat:appcompat:1.7.0 -> androidx.fragment:fragment:1.5.4
:app:releaseRuntimeClasspath -> com.google.androidbrowserhelper:locationdelegation:1.1.2 -> androidx.browser:browser:1.9.0-alpha04 -> androidx.activity:activity:1.9.0
:app:releaseRuntimeClasspath -> com.google.androidbrowserhelper:androidbrowserhelper:2.6.2 -> androidx.appcompat:appcompat:1.7.0 -> androidx.fragment:fragment:1.5.4 -> androidx.loader:loader:1.0.0
:app:releaseRuntimeClasspath -> com.google.androidbrowserhelper:androidbrowserhelper:2.6.2 -> androidx.appcompat:appcompat:1.7.0 -> androidx.fragment:fragment:1.5.4 -> androidx.viewpager:viewpager:1.0.0
:app:releaseRuntimeClasspath -> com.google.androidbrowserhelper:androidbrowserhelper:2.6.2 -> androidx.appcompat:appcompat:1.7.0 -> androidx.drawerlayout:drawerlayout:1.0.0 -> androidx.customview:customview:1.0.0
:app:releaseRuntimeClasspath -> com.google.androidbrowserhelper:locationdelegation:1.1.2 -> androidx.browser:browser:1.9.0-alpha04
:app:releaseRuntimeClasspath -> com.google.androidbrowserhelper:androidbrowserhelper:2.6.2 -> androidx.appcompat:appcompat:1.7.0
:app:releaseRuntimeClasspath -> com.google.androidbrowserhelper:androidbrowserhelper:2.6.2 -> androidx.appcompat:appcompat:1.7.0 -> androidx.appcompat:appcompat-resources:1.7.0
:app:releaseRuntimeClasspath -> com.google.androidbrowserhelper:androidbrowserhelper:2.6.2 -> androidx.appcompat:appcompat:1.7.0 -> androidx.appcompat:appcompat-resources:1.7.0 -> androidx.vectordrawable:vectordrawable:1.1.0
:app:releaseRuntimeClasspath -> com.google.androidbrowserhelper:androidbrowserhelper:2.6.2 -> androidx.appcompat:appcompat:1.7.0 -> androidx.appcompat:appcompat-resources:1.7.0 -> androidx.vectordrawable:vectordrawable-animated:1.1.0
:app:releaseRuntimeClasspath -> com.google.androidbrowserhelper:androidbrowserhelper:2.6.2 -> androidx.appcompat:appcompat:1.7.0 -> androidx.cursoradapter:cursoradapter:1.0.0
:app:releaseRuntimeClasspath -> com.google.androidbrowserhelper:androidbrowserhelper:2.6.2 -> androidx.appcompat:appcompat:1.7.0 -> androidx.drawerlayout:drawerlayout:1.0.0
:app:releaseRuntimeClasspath -> com.google.androidbrowserhelper:androidbrowserhelper:2.6.2 -> androidx.appcompat:appcompat:1.7.0 -> androidx.emoji2:emoji2:1.3.0
:app:releaseRuntimeClasspath -> com.google.androidbrowserhelper:androidbrowserhelper:2.6.2 -> androidx.appcompat:appcompat:1.7.0 -> androidx.emoji2:emoji2-views-helper:1.3.0
:app:releaseRuntimeClasspath -> com.google.androidbrowserhelper:androidbrowserhelper:2.6.2 -> androidx.appcompat:appcompat:1.7.0 -> androidx.resourceinspection:resourceinspection-annotation:1.0.1
	at com.android.builder.errors.IssueReporter.reportError(IssueReporter.kt:118)
	at com.android.builder.errors.IssueReporter.reportError$default(IssueReporter.kt:113)
	at com.android.build.gradle.internal.dependency.AndroidXDependencyCheck$AndroidXDisabledJetifierDisabled.execute(AndroidXDependencyCheck.kt:72)
	at com.android.build.gradle.internal.dependency.AndroidXDependencyCheck$AndroidXDisabledJetifierDisabled.execute(AndroidXDependencyCheck.kt:40)
	at org.gradle.internal.code.DefaultUserCodeApplicationContext$CurrentApplication$1.execute(DefaultUserCodeApplicationContext.java:124)
	at org.gradle.internal.event.BroadcastDispatch$ActionInvocationHandler.dispatch(BroadcastDispatch.java:99)
	at org.gradle.internal.event.BroadcastDispatch$ActionInvocationHandler.dispatch(BroadcastDispatch.java:87)
	at org.gradle.internal.event.AbstractBroadcastDispatch.dispatch(AbstractBroadcastDispatch.java:44)
	at org.gradle.internal.event.BroadcastDispatch$SingletonDispatch.dispatch(BroadcastDispatch.java:268)
	at org.gradle.internal.event.BroadcastDispatch$SingletonDispatch.dispatch(BroadcastDispatch.java:170)
	at org.gradle.internal.event.AbstractBroadcastDispatch.dispatch(AbstractBroadcastDispatch.java:84)
	at org.gradle.internal.event.AbstractBroadcastDispatch.dispatch(AbstractBroadcastDispatch.java:70)
	at org.gradle.internal.event.BroadcastDispatch$CompositeDispatch.dispatch(BroadcastDispatch.java:380)
	at org.gradle.internal.event.BroadcastDispatch$CompositeDispatch.dispatch(BroadcastDispatch.java:272)
	at org.gradle.internal.event.ListenerBroadcast.dispatch(ListenerBroadcast.java:153)
	at org.gradle.internal.event.ListenerBroadcast.dispatch(ListenerBroadcast.java:38)
	at org.gradle.internal.dispatch.ProxyDispatchAdapter$DispatchingInvocationHandler.invoke(ProxyDispatchAdapter.java:92)
	at jdk.proxy1/jdk.proxy1.$Proxy69.afterResolve(Unknown Source)
	at org.gradle.api.internal.artifacts.configurations.DefaultConfiguration$1.call(DefaultConfiguration.java:814)
	at org.gradle.api.internal.artifacts.configurations.DefaultConfiguration$1.call(DefaultConfiguration.java:791)
	at org.gradle.internal.operations.DefaultBuildOperationRunner$CallableBuildOperationWorker.execute(DefaultBuildOperationRunner.java:209)
	at org.gradle.internal.operations.DefaultBuildOperationRunner$CallableBuildOperationWorker.execute(DefaultBuildOperationRunner.java:204)
	at org.gradle.internal.operations.DefaultBuildOperationRunner$2.execute(DefaultBuildOperationRunner.java:66)
	at org.gradle.internal.operations.DefaultBuildOperationRunner$2.execute(DefaultBuildOperationRunner.java:59)
	at org.gradle.internal.operations.DefaultBuildOperationRunner.execute(DefaultBuildOperationRunner.java:166)
	at org.gradle.internal.operations.DefaultBuildOperationRunner.execute(DefaultBuildOperationRunner.java:59)
	at org.gradle.internal.operations.DefaultBuildOperationRunner.call(DefaultBuildOperationRunner.java:53)
	at org.gradle.api.internal.artifacts.configurations.DefaultConfiguration.resolveGraphInBuildOperation(DefaultConfiguration.java:791)
	at org.gradle.api.internal.artifacts.configurations.DefaultConfiguration.lambda$resolveExclusivelyIfRequired$5(DefaultConfiguration.java:783)
	at org.gradle.api.internal.project.DefaultProjectStateRegistry$CalculatedModelValueImpl.update(DefaultProjectStateRegistry.java:509)
	at org.gradle.api.internal.artifacts.configurations.DefaultConfiguration.resolveExclusivelyIfRequired(DefaultConfiguration.java:778)
	at org.gradle.api.internal.artifacts.configurations.DefaultConfiguration.resolveGraphIfRequired(DefaultConfiguration.java:771)
	at org.gradle.api.internal.artifacts.configurations.DefaultConfiguration.access$1100(DefaultConfiguration.java:159)
	at org.gradle.api.internal.artifacts.configurations.DefaultConfiguration$ResolverResultsResolutionResultProvider.getValue(DefaultConfiguration.java:745)
	at org.gradle.api.internal.artifacts.configurations.DefaultConfiguration$ResolverResultsResolutionResultProvider.getValue(DefaultConfiguration.java:706)
	at org.gradle.api.internal.artifacts.configurations.ResolutionResultProvider$1.getValue(ResolutionResultProvider.java:54)
	at org.gradle.api.internal.artifacts.configurations.ResolutionBackedFileCollection.getSelectedArtifacts(ResolutionBackedFileCollection.java:98)
	at org.gradle.api.internal.artifacts.configurations.ResolutionBackedFileCollection.visitContents(ResolutionBackedFileCollection.java:76)
	at org.gradle.api.internal.file.AbstractFileCollection.getFiles(AbstractFileCollection.java:123)
	at org.gradle.api.internal.file.AbstractFileCollection.iterator(AbstractFileCollection.java:164)
	at org.gradle.api.internal.file.FilteredFileCollection.iterator(FilteredFileCollection.java:80)
	at com.google.common.collect.ImmutableSet.copyOf(ImmutableSet.java:264)
	at org.gradle.api.internal.file.collections.DefaultConfigurableFileCollection$2.visitCollection(DefaultConfigurableFileCollection.java:394)
	at org.gradle.api.internal.file.AbstractFileCollection.visitContents(AbstractFileCollection.java:365)
	at org.gradle.api.internal.file.AbstractFileCollection.visitStructure(AbstractFileCollection.java:360)
	at org.gradle.api.internal.file.collections.DefaultConfigurableFileCollection.lambda$calculateFinalizedValue$1(DefaultConfigurableFileCollection.java:391)
	at org.gradle.api.internal.file.collections.UnpackingVisitor.add(UnpackingVisitor.java:67)
	at org.gradle.api.internal.file.collections.DefaultConfigurableFileCollection$UnresolvedItemsCollector.visitContents(DefaultConfigurableFileCollection.java:594)
	at org.gradle.api.internal.file.collections.DefaultConfigurableFileCollection.calculateFinalizedValue(DefaultConfigurableFileCollection.java:391)
	at org.gradle.api.internal.file.collections.DefaultConfigurableFileCollection.finalizeNow(DefaultConfigurableFileCollection.java:120)
	at org.gradle.api.internal.file.collections.DefaultConfigurableFileCollection.lambda$visitChildren$2(DefaultConfigurableFileCollection.java:415)
	at org.gradle.api.internal.provider.ValueState.finalizeOnReadIfNeeded(ValueState.java:139)
	at org.gradle.api.internal.file.collections.DefaultConfigurableFileCollection.visitChildren(DefaultConfigurableFileCollection.java:415)
	at org.gradle.api.internal.file.CompositeFileCollection.visitContents(CompositeFileCollection.java:113)
	at org.gradle.api.internal.file.AbstractFileCollection.visitStructure(AbstractFileCollection.java:360)
	at org.gradle.api.internal.file.CompositeFileCollection.lambda$visitContents$0(CompositeFileCollection.java:113)
	at org.gradle.api.internal.file.collections.UnpackingVisitor.add(UnpackingVisitor.java:67)
	at org.gradle.api.internal.file.collections.UnpackingVisitor.add(UnpackingVisitor.java:92)
	at org.gradle.api.internal.file.DefaultFileCollectionFactory$ResolvingFileCollection.visitChildren(DefaultFileCollectionFactory.java:306)
	at org.gradle.api.internal.file.CompositeFileCollection.visitContents(CompositeFileCollection.java:113)
	at org.gradle.api.internal.file.AbstractFileCollection.visitStructure(AbstractFileCollection.java:360)
	at org.gradle.api.internal.file.CompositeFileCollection.lambda$visitContents$0(CompositeFileCollection.java:113)
	at org.gradle.api.internal.tasks.PropertyFileCollection.visitChildren(PropertyFileCollection.java:48)
	at org.gradle.api.internal.file.CompositeFileCollection.visitContents(CompositeFileCollection.java:113)
	at org.gradle.api.internal.file.AbstractFileCollection.visitStructure(AbstractFileCollection.java:360)
	at org.gradle.internal.fingerprint.impl.DefaultFileCollectionSnapshotter.snapshot(DefaultFileCollectionSnapshotter.java:47)
	at org.gradle.internal.execution.impl.DefaultInputFingerprinter$InputCollectingVisitor.visitInputFileProperty(DefaultInputFingerprinter.java:133)
	at org.gradle.internal.execution.steps.AbstractSkipEmptyWorkStep$1.visitInputFileProperty(AbstractSkipEmptyWorkStep.java:104)
	at org.gradle.api.internal.tasks.execution.TaskExecution.visitRegularInputs(TaskExecution.java:324)
	at org.gradle.internal.execution.steps.AbstractSkipEmptyWorkStep.lambda$fingerprintPrimaryInputs$2(AbstractSkipEmptyWorkStep.java:100)
	at org.gradle.internal.execution.impl.DefaultInputFingerprinter.fingerprintInputProperties(DefaultInputFingerprinter.java:63)
	at org.gradle.internal.execution.steps.AbstractSkipEmptyWorkStep.fingerprintPrimaryInputs(AbstractSkipEmptyWorkStep.java:95)
	at org.gradle.internal.execution.steps.AbstractSkipEmptyWorkStep.execute(AbstractSkipEmptyWorkStep.java:52)
	at org.gradle.internal.execution.steps.AbstractSkipEmptyWorkStep.execute(AbstractSkipEmptyWorkStep.java:36)
	at org.gradle.internal.execution.steps.legacy.MarkSnapshottingInputsStartedStep.execute(MarkSnapshottingInputsStartedStep.java:38)
	at org.gradle.internal.execution.steps.LoadPreviousExecutionStateStep.execute(LoadPreviousExecutionStateStep.java:36)
	at org.gradle.internal.execution.steps.LoadPreviousExecutionStateStep.execute(LoadPreviousExecutionStateStep.java:23)
	at org.gradle.internal.execution.steps.HandleStaleOutputsStep.execute(HandleStaleOutputsStep.java:75)
	at org.gradle.internal.execution.steps.HandleStaleOutputsStep.execute(HandleStaleOutputsStep.java:41)
	at org.gradle.internal.execution.steps.AssignMutableWorkspaceStep.lambda$execute$0(AssignMutableWorkspaceStep.java:35)
	at org.gradle.api.internal.tasks.execution.TaskExecution$4.withWorkspace(TaskExecution.java:289)
	at org.gradle.internal.execution.steps.AssignMutableWorkspaceStep.execute(AssignMutableWorkspaceStep.java:31)
	at org.gradle.internal.execution.steps.AssignMutableWorkspaceStep.execute(AssignMutableWorkspaceStep.java:22)
	at org.gradle.internal.execution.steps.ChoosePipelineStep.execute(ChoosePipelineStep.java:40)
	at org.gradle.internal.execution.steps.ChoosePipelineStep.execute(ChoosePipelineStep.java:23)
	at org.gradle.internal.execution.steps.ExecuteWorkBuildOperationFiringStep.lambda$execute$2(ExecuteWorkBuildOperationFiringStep.java:67)
	at org.gradle.internal.execution.steps.ExecuteWorkBuildOperationFiringStep.execute(ExecuteWorkBuildOperationFiringStep.java:67)
	at org.gradle.internal.execution.steps.ExecuteWorkBuildOperationFiringStep.execute(ExecuteWorkBuildOperationFiringStep.java:39)
	at org.gradle.internal.execution.steps.IdentityCacheStep.execute(IdentityCacheStep.java:46)
	at org.gradle.internal.execution.steps.IdentityCacheStep.execute(IdentityCacheStep.java:34)
	at org.gradle.internal.execution.steps.IdentifyStep.execute(IdentifyStep.java:48)
	at org.gradle.internal.execution.steps.IdentifyStep.execute(IdentifyStep.java:35)
	at org.gradle.internal.execution.impl.DefaultExecutionEngine$1.execute(DefaultExecutionEngine.java:61)
	at org.gradle.api.internal.tasks.execution.ExecuteActionsTaskExecuter.executeIfValid(ExecuteActionsTaskExecuter.java:127)
	at org.gradle.api.internal.tasks.execution.ExecuteActionsTaskExecuter.execute(ExecuteActionsTaskExecuter.java:116)
	at org.gradle.api.internal.tasks.execution.FinalizePropertiesTaskExecuter.execute(FinalizePropertiesTaskExecuter.java:46)
	at org.gradle.api.internal.tasks.execution.ResolveTaskExecutionModeExecuter.execute(ResolveTaskExecutionModeExecuter.java:51)
	at org.gradle.api.internal.tasks.execution.SkipTaskWithNoActionsExecuter.execute(SkipTaskWithNoActionsExecuter.java:57)
	at org.gradle.api.internal.tasks.execution.SkipOnlyIfTaskExecuter.execute(SkipOnlyIfTaskExecuter.java:74)
	at org.gradle.api.internal.tasks.execution.CatchExceptionTaskExecuter.execute(CatchExceptionTaskExecuter.java:36)
	at org.gradle.api.internal.tasks.execution.EventFiringTaskExecuter$1.executeTask(EventFiringTaskExecuter.java:77)
	at org.gradle.api.internal.tasks.execution.EventFiringTaskExecuter$1.call(EventFiringTaskExecuter.java:55)
	at org.gradle.api.internal.tasks.execution.EventFiringTaskExecuter$1.call(EventFiringTaskExecuter.java:52)
	at org.gradle.internal.operations.DefaultBuildOperationRunner$CallableBuildOperationWorker.execute(DefaultBuildOperationRunner.java:209)
	at org.gradle.internal.operations.DefaultBuildOperationRunner$CallableBuildOperationWorker.execute(DefaultBuildOperationRunner.java:204)
	at org.gradle.internal.operations.DefaultBuildOperationRunner$2.execute(DefaultBuildOperationRunner.java:66)
	at org.gradle.internal.operations.DefaultBuildOperationRunner$2.execute(DefaultBuildOperationRunner.java:59)
	at org.gradle.internal.operations.DefaultBuildOperationRunner.execute(DefaultBuildOperationRunner.java:166)
	at org.gradle.internal.operations.DefaultBuildOperationRunner.execute(DefaultBuildOperationRunner.java:59)
	at org.gradle.internal.operations.DefaultBuildOperationRunner.call(DefaultBuildOperationRunner.java:53)
	at org.gradle.api.internal.tasks.execution.EventFiringTaskExecuter.execute(EventFiringTaskExecuter.java:52)
	at org.gradle.execution.plan.LocalTaskNodeExecutor.execute(LocalTaskNodeExecutor.java:42)
	at org.gradle.execution.taskgraph.DefaultTaskExecutionGraph$InvokeNodeExecutorsAction.execute(DefaultTaskExecutionGraph.java:331)
	at org.gradle.execution.taskgraph.DefaultTaskExecutionGraph$InvokeNodeExecutorsAction.execute(DefaultTaskExecutionGraph.java:318)
	at org.gradle.execution.taskgraph.DefaultTaskExecutionGraph$BuildOperationAwareExecutionAction.lambda$execute$0(DefaultTaskExecutionGraph.java:314)
	at org.gradle.internal.operations.CurrentBuildOperationRef.with(CurrentBuildOperationRef.java:85)
	at org.gradle.execution.taskgraph.DefaultTaskExecutionGraph$BuildOperationAwareExecutionAction.execute(DefaultTaskExecutionGraph.java:314)
	at org.gradle.execution.taskgraph.DefaultTaskExecutionGraph$BuildOperationAwareExecutionAction.execute(DefaultTaskExecutionGraph.java:303)
	at org.gradle.execution.plan.DefaultPlanExecutor$ExecutorWorker.execute(DefaultPlanExecutor.java:459)
	at org.gradle.execution.plan.DefaultPlanExecutor$ExecutorWorker.run(DefaultPlanExecutor.java:376)
	at org.gradle.internal.concurrent.ExecutorPolicy$CatchAndRecordFailures.onExecute(ExecutorPolicy.java:64)
	at org.gradle.internal.concurrent.AbstractManagedExecutor$1.run(AbstractManagedExecutor.java:48)
System.Management.Automation.RemoteException
System.Management.Automation.RemoteException
BUILD FAILED in 7s
[0m
System.Management.Automation.RemoteException
System.Management.Automation.RemoteException
